<?xml version="1.0" encoding="UTF-8"?>
<!-- Generated by org.testng.reporters.JUnitReportReporter -->
<testsuite hostname="LAPREPOS-122s-MacBook-Pro.local" failures="0" tests="1" name="files.DynamicJson" time="3.411" errors="0" timestamp="2025-06-08T12:18:05 IST" skipped="0">
  <testcase classname="files.DynamicJson" name="addBook" time="3.411"/>
</testsuite> <!-- files.DynamicJson -->
