<?xml version="1.0" encoding="UTF-8"?>
<!-- Generated by org.testng.reporters.JUnitReportReporter -->
<testsuite hostname="LAPREPOS-122s-MacBook-Pro.local" failures="0" tests="3" name="files.DynamicJson1" time="4.774" errors="0" timestamp="2025-06-08T17:11:36 IST" skipped="0">
  <testcase classname="files.DynamicJson1" name="addBook" time="4.450"/>
  <testcase classname="files.DynamicJson1" name="addBook" time="0.175"/>
  <testcase classname="files.DynamicJson1" name="addBook" time="0.149"/>
</testsuite> <!-- files.DynamicJson1 -->
